proguard/seeds.txt
com.guest.cnbeta.R$color
com.guest.cnbeta.R$color: int article_bg
com.guest.cnbeta.R$color: int background
com.guest.cnbeta.R$color: int comment_author
com.guest.cnbeta.R$color: int comment_bg
com.guest.cnbeta.R$color: int comment_list_bg
com.guest.cnbeta.R$color: int footer
com.guest.cnbeta.R$color: int gray
com.guest.cnbeta.R$color: int screen_background_dark_transparent
com.guest.cnbeta.R$color: int scrolbar
com.guest.cnbeta.R$array
com.guest.cnbeta.R$array: int UMageList
com.guest.cnbeta.R$array: int UMgenderList
com.guest.cnbeta.R$style
com.guest.cnbeta.R$style: int dialog
com.guest.cnbeta.R$layout
com.guest.cnbeta.R$layout: int article
com.guest.cnbeta.R$layout: int dialog_refresh
com.guest.cnbeta.R$layout: int first
com.guest.cnbeta.R$layout: int item_article
com.guest.cnbeta.R$layout: int item_comment
com.guest.cnbeta.R$layout: int list
com.guest.cnbeta.R$layout: int list_comment
com.guest.cnbeta.R$layout: int list_comment_footer
com.guest.cnbeta.R$layout: int post_comment
com.guest.cnbeta.R$layout: int umeng_analyse_download_notification
com.guest.cnbeta.R$layout: int umeng_analyse_feedback_atom
com.guest.cnbeta.R$layout: int umeng_analyse_feedback_conversation
com.guest.cnbeta.R$layout: int umeng_analyse_feedback_conversation_item
com.guest.cnbeta.R$layout: int umeng_analyse_feedback_conversations
com.guest.cnbeta.R$layout: int umeng_analyse_feedback_conversations_item
com.guest.cnbeta.R$layout: int umeng_analyse_feedback_list_item
com.guest.cnbeta.R$layout: int umeng_analyse_new_reply_alert_dialog
com.guest.cnbeta.R$layout: int umeng_analyse_send_feedback
com.guest.cnbeta.R$string
com.guest.cnbeta.R$string: int BtnAddPost
com.guest.cnbeta.R$string: int BtnIComment
com.guest.cnbeta.R$string: int BtnMain
com.guest.cnbeta.R$string: int BtnRefComment
com.guest.cnbeta.R$string: int BtnRefershSafeCode
com.guest.cnbeta.R$string: int EdtAddCommentComment
com.guest.cnbeta.R$string: int UMAppUpdate
com.guest.cnbeta.R$string: int UMBreak_Network
com.guest.cnbeta.R$string: int UMContentTooLong
com.guest.cnbeta.R$string: int UMDeleteFeedback
com.guest.cnbeta.R$string: int UMDeleteMsg
com.guest.cnbeta.R$string: int UMDeleteThread
com.guest.cnbeta.R$string: int UMDialog_InstallAPK
com.guest.cnbeta.R$string: int UMEmptyFbNotAllowed
com.guest.cnbeta.R$string: int UMFbList_ListItem_State_Fail
com.guest.cnbeta.R$string: int UMFbList_ListItem_State_ReSend
com.guest.cnbeta.R$string: int UMFbList_ListItem_State_Sending
com.guest.cnbeta.R$string: int UMFb_Atom_State_Resend
com.guest.cnbeta.R$string: int UMFb_Atom_State_Sending
com.guest.cnbeta.R$string: int UMFeedbackContent
com.guest.cnbeta.R$string: int UMFeedbackConversationTitle
com.guest.cnbeta.R$string: int UMFeedbackListTitle
com.guest.cnbeta.R$string: int UMFeedbackSummit
com.guest.cnbeta.R$string: int UMFeedbackTitle
com.guest.cnbeta.R$string: int UMFeedbackUmengTitle
com.guest.cnbeta.R$string: int UMGprsCondition
com.guest.cnbeta.R$string: int UMNewReplyAlertTitle
com.guest.cnbeta.R$string: int UMNewReplyFlick
com.guest.cnbeta.R$string: int UMNewReplyHint
...
com.feedback.ui.ThreadView
com.feedback.ui.ThreadView: ThreadView(android.content.Context,android.util.AttributeSet)
com.feedback.NotificationType: com.feedback.NotificationType[] values()
com.feedback.NotificationType: com.feedback.NotificationType valueOf(java.lang.String)
com.feedback.a.e: com.feedback.a.e[] values()
com.feedback.a.e: com.feedback.a.e valueOf(java.lang.String)
com.feedback.a.b: com.feedback.a.b[] values()
com.feedback.a.b: com.feedback.a.b valueOf(java.lang.String)
com.feedback.a.c: com.feedback.a.c[] values()
com.feedback.a.c: com.feedback.a.c valueOf(java.lang.String)
com.feedback.ui.ThreadView
com.feedback.ui.SendFeedback
com.feedback.ui.FeedbackConversations
com.feedback.ui.FeedbackConversation