proguard/mapping.txt
com.guest.cnbeta.ArticleActivity -> com.guest.cnbeta.ArticleActivity:
    com.guest.cnbeta.service.ArticleService cbArticleService -> a
    android.content.Intent intent -> b
    android.os.Bundle bl -> c
    com.guest.cnbeta.module.Article article -> d
    android.webkit.WebView webView -> e
    android.widget.RelativeLayout footerLayout -> f
    android.os.Handler handler -> g
    void onCreate(android.os.Bundle) -> onCreate
    void syncArticle() -> a
    boolean onCreateOptionsMenu(android.view.Menu) -> onCreateOptionsMenu
    boolean onOptionsItemSelected(android.view.MenuItem) -> onOptionsItemSelected
    void onResume() -> onResume
    void onPause() -> onPause
    android.os.Handler access$0(com.guest.cnbeta.ArticleActivity) -> a
    com.guest.cnbeta.module.Article access$1(com.guest.cnbeta.ArticleActivity) -> b
    android.webkit.WebView access$2(com.guest.cnbeta.ArticleActivity) -> c
    void access$3(com.guest.cnbeta.ArticleActivity,android.widget.RelativeLayout) -> a
    android.widget.RelativeLayout access$4(com.guest.cnbeta.ArticleActivity) -> d
    com.guest.cnbeta.service.ArticleService access$5(com.guest.cnbeta.ArticleActivity) -> e
    void access$6(com.guest.cnbeta.ArticleActivity,com.guest.cnbeta.module.Article) -> a
com.guest.cnbeta.ArticleActivity$1 -> com.guest.cnbeta.c:
    com.guest.cnbeta.ArticleActivity this$0 -> a
    void handleMessage(android.os.Message) -> handleMessage
com.guest.cnbeta.ArticleActivity$2 -> com.guest.cnbeta.e:
    com.guest.cnbeta.ArticleActivity this$0 -> a
    boolean shouldOverrideUrlLoading(android.webkit.WebView,java.lang.String) -> shouldOverrideUrlLoading
    void onPageFinished(android.webkit.WebView,java.lang.String) -> onPageFinished
    com.guest.cnbeta.ArticleActivity access$0(com.guest.cnbeta.ArticleActivity$2) -> a
com.guest.cnbeta.ArticleActivity$2$1 -> com.guest.cnbeta.u:
    com.guest.cnbeta.ArticleActivity$2 this$1 -> a
    boolean onTouch(android.view.View,android.view.MotionEvent) -> onTouch
com.guest.cnbeta.ArticleActivity$3 -> com.guest.cnbeta.d:
    com.guest.cnbeta.ArticleActivity this$0 -> a
    void run() -> run
com.guest.cnbeta.CommentActivity -> com.guest.cnbeta.CommentActivity:
    com.guest.cnbeta.service.CommentService cbCommentService -> c
    android.content.Intent intent -> d
    android.os.Bundle bl -> e
    com.guest.cnbeta.module.Article article -> f
    java.util.List commentList -> g
    android.widget.ListView listView -> h
    java.lang.Boolean isLikeVoted -> i
    java.lang.Boolean isDisLikeVoted -> j
    com.guest.cnbeta.CommentActivity$CommentListAdapter listAdapter -> k
    android.widget.Button postBT -> l
    android.graphics.Bitmap safeCode -> m
    android.widget.ImageView imgAddSafeCode -> n
    android.widget.ProgressBar progressBar -> o
    com.guest.cnbeta.loadsource.LoadSourceInterface loader -> p
    com.guest.cnbeta.module.Comment currentComment -> a
    com.guest.cnbeta.loadsource.LoadSourceInterface loadSource -> b
    android.os.Handler handler -> q
    android.os.Handler handler_pc -> r
    void onCreate(android.os.Bundle) -> onCreate
    boolean onKeyDown(int,android.view.KeyEvent) -> onKeyDown
    void syncPostComment() -> a
    void syncComment() -> b
    boolean reloadCommentList() -> c
    void reloadListView() -> d
    void syncSafeCode() -> e
    java.lang.String reloadPostComment() -> f
    boolean reloadSafeCode() -> g
    void reloadImageView() -> h
    boolean onCreateOptionsMenu(android.view.Menu) -> onCreateOptionsMenu
    boolean onOptionsItemSelected(android.view.MenuItem) -> onOptionsItemSelected
com.guest.cnbeta.CommentActivity$1 -> com.guest.cnbeta.ab:
    com.guest.cnbeta.CommentActivity this$0 -> a
    void handleMessage(android.os.Message) -> handleMessage
com.guest.cnbeta.CommentActivity$2 -> com.guest.cnbeta.ad:
    com.guest.cnbeta.CommentActivity this$0 -> a
    void handleMessage(android.os.Message) -> handleMessage
...
com.feedback.b -> com.feedback.d:
    android.app.AlertDialog a -> a
    void onClick(android.view.View) -> onClick
com.feedback.b.a -> com.feedback.a.c:
    void a(android.content.Context) -> a
    void a(android.content.Context,com.feedback.a.d) -> a
    void b(android.content.Context) -> b
    void b(android.content.Context,com.feedback.a.d) -> b
com.feedback.b.b -> com.feedback.a.d:
    java.lang.String a(org.json.JSONObject,java.lang.String) -> a
    org.json.JSONObject a(android.content.Context,java.lang.String,int,int) -> a
    org.json.JSONObject a(android.content.Context,java.lang.String,java.lang.String) -> a
    boolean b(org.json.JSONObject) -> a
    boolean c(org.json.JSONObject) -> b
    boolean d(org.json.JSONObject) -> c
    boolean e(org.json.JSONObject) -> d
    boolean f(org.json.JSONObject) -> e
    boolean a(org.json.JSONObject,java.lang.String,java.lang.String) -> a
com.feedback.b.c -> com.feedback.a.a:
    boolean a(android.content.Context,org.json.JSONObject) -> a
    java.lang.String a(android.content.Context,org.json.JSONArray) -> a
    java.lang.String c(android.content.Context,java.lang.String) -> c
    boolean a(android.content.Context,com.feedback.a.d) -> a
    java.util.List a(android.content.Context) -> a
    void a(android.content.Context,java.lang.String) -> a
    void b(android.content.Context,org.json.JSONObject) -> b
    void c(android.content.Context,org.json.JSONObject) -> c
    void a(android.content.SharedPreferences,java.lang.String,java.lang.String) -> a
    void a(android.content.Context,java.lang.String,java.lang.String) -> a
    void a(android.content.Context,com.feedback.a.d,int) -> a
    com.feedback.a.d b(android.content.Context,java.lang.String) -> b
    com.feedback.a.d b(android.content.Context,java.lang.String,java.lang.String) -> b
    void a(android.content.Context,java.lang.String,boolean) -> a
com.feedback.b.d -> com.feedback.a.b:
    boolean a(java.lang.String) -> a
    java.lang.String a(java.util.Date,android.content.Context) -> a
    java.lang.String b(java.util.Date,android.content.Context) -> b
    java.lang.String a(org.json.JSONObject,java.lang.String,java.lang.String) -> a
    boolean a(java.lang.String,java.lang.String) -> a
com.feedback.c -> com.feedback.c:
    void handleMessage(android.os.Message) -> handleMessage
com.feedback.c.a -> com.feedback.c.c:
    java.lang.String a -> a
    org.json.JSONObject b -> b
    android.content.Context c -> c
    java.lang.Boolean a() -> a
    java.lang.Object call() -> call
com.feedback.c.b -> com.feedback.c.a:
    java.lang.String a -> a
    org.json.JSONObject b -> b
    android.content.Context c -> c
    void run() -> run
com.feedback.c.c -> com.feedback.c.b:
    java.lang.String a -> a
    android.content.Context b -> b
    java.lang.String c -> c
    java.lang.String d -> d
    java.lang.String e -> e
    int f -> f
    android.os.Handler g -> g
    void run() -> run