proguard/usage.txt
com.guest.cnbeta.ArticleActivity:
    private static final int SYNC_PAGE
    private static final int CLICK_ON_URL
    private static final int CLICK_ON_WEBVIEW
com.guest.cnbeta.CommentActivity$CommentListAdapter:
    int itemID
    int voteId
com.guest.cnbeta.module.Article:
    private static final long serialVersionUID
    private java.lang.String author
    private int hits
    39:39:public java.lang.String getAuthor()
    43:44:public void setAuthor(java.lang.String)
    47:47:public int getHits()
    51:52:public void setHits(int)
com.guest.cnbeta.module.Avatar:
    private static final long serialVersionUID
    private int id
    30:30:public int getId()
    34:35:public void setId(int)
com.guest.cnbeta.module.Comment:
    private com.guest.cnbeta.module.Article article
    18:18:public com.guest.cnbeta.module.Article getArticle()
    22:23:public void setArticle(com.guest.cnbeta.module.Article)
    34:34:public int getNumber()
com.guest.cnbeta.service.BaseService:
    13:13:public android.content.Context getContext()
com.guest.cnbeta.service.ListService:
    29:29:public java.util.List getArticleList()
com.guest.cnbeta.util.FlingGallery:
    91:92:public void setPaddingWidth(int)
    95:96:public void setAnimationDuration(int)
    99:100:public void setSnapBorderRatio(float)
com.guest.cnbeta.util.Tip:
    12:15:public static void i(java.lang.String)
    18:21:public static void w(java.lang.String)
    24:27:public static void e(java.lang.Exception)
    36:39:public static void a(int)
...
com.feedback.a.d:
    public com.feedback.a.d a(com.feedback.a.a)
com.feedback.b.a:
    public static void c(android.content.Context)
com.feedback.b.b:
    public static int a(org.json.JSONObject)
com.feedback.b.d:
    static final java.lang.String a
    public static final int b
    public static java.lang.String b(java.lang.String)
com.feedback.c.b:
    java.lang.String d
    java.lang.String e
    int f
    int g
com.feedback.c.c:
    public c(android.content.Context,int)
com.feedback.ui.FeedbackConversations:
    private static final int c
    private static final int d
    private static final int e
    private static final int f
    private static final int g
com.feedback.ui.c:
    java.lang.String c
com.feedback.ui.g:
    org.json.JSONArray d
    java.lang.String[] e
    public com.feedback.a.e a(int)
com.mobclick.android.MobclickAgent:
    public static org.json.JSONObject getUpdateInfo()
    public static void setUpdateListener(com.mobclick.android.UmengUpdateListener)
    public static void openActivityDurationTrack(boolean)
    public static void setDefaultReportPolicy(android.content.Context,int)
    public static void flush(android.content.Context)
    public static void onEvent(android.content.Context,java.lang.String)
    public static void onEvent(android.content.Context,java.lang.String,int)
    public static void onEvent(android.content.Context,java.lang.String,java.lang.String)
    public static void onEvent(android.content.Context,java.lang.String,java.lang.String,int)
    public static void enterPage(android.content.Context,java.lang.String)
    private synchronized void c(android.content.Context)
    private void d(android.content.Context)
    public static void setOpenGLContext(javax.microedition.khronos.opengles.GL10)
    private static void a(android.content.Context,int)
com.mobclick.android.ReportPolicy
com.mobclick.android.UmengConstants:
    public static final java.lang.String OS
    public static final java.lang.String SDK_TYPE
    public static final java.lang.String SDK_VERSION
    public static final long kContinueSessionMillis
    public static final int DEFAULT_TIMEZONE
    public static final java.lang.String LOG_TAG
    public static final java.lang.String CONFIG_URL
    public static final java.lang.String CONFIG_URL_BACK
    public static final java.lang.String FEEDBACK_BASE_URL
    public static final java.lang.String FEEDBACK_UER_REPLY_URL
    public static final java.lang.String FEEDBACK_Dev_Reply_URL
    public static final java.lang.String FEEDBACK_NewFeedback_URL
    public static final java.lang.String FEEDBACK_ClearNewReplyState_URL
    public static final java.lang.String FEEDBACK_HasNewReply_URL
    public static final java.lang.String FEEDBACK_REPLY_URL
    public static final java.lang.String FEEDBACK_Url_RetrieveUserInfo
    public static final java.lang.String FeedbackPreName
    public static final java.lang.String TempPreName
    public static final java.lang.String FailPreName
    public static final java.lang.String PreName_Trivial
    public static final java.lang.String TrivialPreKey_newreplyIds
    public static final java.lang.String TrivialPreKey_MaxSeqenceNum
    public static final java.lang.String TrivialPreKey_MaxReplyID
    public static final java.lang.String TrivialPreKey_Email
com.mobclick.android.a:
    public boolean a()
    public void a(java.lang.String)
    public void b(java.lang.String)
    public void a(int)
    public void a(boolean)
com.mobclick.android.j:
    j(android.content.Context,java.lang.String,java.lang.String,java.lang.String,int,int)
com.mobclick.android.l:
    public static java.lang.String[] a(javax.microedition.khronos.opengles.GL10)
    public static int a(java.util.Date,java.util.Date)
    public static java.util.Date d(android.content.Context)
    public static void a(android.content.Context,java.util.Date)